<?xml version="1.0" encoding="UTF-8"?>
<coverage generated="1607087671186" clover="3.2.0">
  <project timestamp="1607087671187" name="All files">
    <metrics statements="10" coveredstatements="10" conditionals="10" coveredconditionals="10" methods="3" coveredmethods="3" elements="23" coveredelements="23" complexity="0" loc="10" ncloc="10" packages="1" files="2" classes="2"/>
    <file name="auth.js" path="/Users/enisinanaj/Documents/tag/error-exercise/auth.js">
      <metrics statements="7" coveredstatements="7" conditionals="8" coveredconditionals="8" methods="2" coveredmethods="2"/>
      <line num="4" count="3" type="cond" truecount="2" falsecount="0"/>
      <line num="5" count="1" type="stmt"/>
      <line num="8" count="2" type="stmt"/>
      <line num="12" count="6" type="cond" truecount="6" falsecount="0"/>
      <line num="14" count="4" type="stmt"/>
      <line num="17" count="2" type="stmt"/>
      <line num="20" count="2" type="stmt"/>
    </file>
    <file name="index.js" path="/Users/enisinanaj/Documents/tag/error-exercise/index.js">
      <metrics statements="3" coveredstatements="3" conditionals="2" coveredconditionals="2" methods="1" coveredmethods="1"/>
      <line num="1" count="1" type="stmt"/>
      <line num="4" count="3" type="cond" truecount="2" falsecount="0"/>
      <line num="7" count="1" type="stmt"/>
    </file>
  </project>
</coverage>
