{"/Users/enisinanaj/Documents/tag/error-exercise/auth.js": {"path":"/Users/enisinanaj/Documents/tag/error-exercise/auth.js","statementMap":{"0":{"start":{"line":4,"column":4},"end":{"line":6,"column":5}},"1":{"start":{"line":5,"column":8},"end":{"line":5,"column":20}},"2":{"start":{"line":8,"column":4},"end":{"line":8,"column":44}},"3":{"start":{"line":12,"column":4},"end":{"line":15,"column":5}},"4":{"start":{"line":14,"column":8},"end":{"line":14,"column":20}},"5":{"start":{"line":17,"column":4},"end":{"line":17,"column":45}},"6":{"start":{"line":20,"column":0},"end":{"line":20,"column":43}}},"fnMap":{"0":{"name":"authorize","decl":{"start":{"line":3,"column":9},"end":{"line":3,"column":18}},"loc":{"start":{"line":3,"column":29},"end":{"line":9,"column":1}},"line":3},"1":{"name":"authenticate","decl":{"start":{"line":11,"column":9},"end":{"line":11,"column":21}},"loc":{"start":{"line":11,"column":42},"end":{"line":18,"column":1}},"line":11}},"branchMap":{"0":{"loc":{"start":{"line":4,"column":4},"end":{"line":6,"column":5}},"type":"if","locations":[{"start":{"line":4,"column":4},"end":{"line":6,"column":5}},{"start":{"line":4,"column":4},"end":{"line":6,"column":5}}],"line":4},"1":{"loc":{"start":{"line":12,"column":4},"end":{"line":15,"column":5}},"type":"if","locations":[{"start":{"line":12,"column":4},"end":{"line":15,"column":5}},{"start":{"line":12,"column":4},"end":{"line":15,"column":5}}],"line":12},"2":{"loc":{"start":{"line":12,"column":8},"end":{"line":13,"column":71}},"type":"binary-expr","locations":[{"start":{"line":12,"column":9},"end":{"line":12,"column":28}},{"start":{"line":12,"column":32},"end":{"line":12,"column":55}},{"start":{"line":13,"column":12},"end":{"line":13,"column":37}},{"start":{"line":13,"column":41},"end":{"line":13,"column":70}}],"line":12}},"s":{"0":3,"1":1,"2":2,"3":6,"4":4,"5":2,"6":2},"f":{"0":3,"1":6},"b":{"0":[1,2],"1":[4,2],"2":[6,3,4,3]},"_coverageSchema":"1a1c01bbd47fc00a2c39e90264f33305004495a9","hash":"c426660a621ad6ac72bbcecc88036d23e180ed3b"}
,"/Users/enisinanaj/Documents/tag/error-exercise/index.js": {"path":"/Users/enisinanaj/Documents/tag/error-exercise/index.js","statementMap":{"0":{"start":{"line":1,"column":36},"end":{"line":1,"column":53}},"1":{"start":{"line":4,"column":4},"end":{"line":4,"column":67}},"2":{"start":{"line":7,"column":0},"end":{"line":7,"column":23}}},"fnMap":{"0":{"name":"login","decl":{"start":{"line":3,"column":9},"end":{"line":3,"column":14}},"loc":{"start":{"line":3,"column":35},"end":{"line":5,"column":1}},"line":3}},"branchMap":{"0":{"loc":{"start":{"line":4,"column":11},"end":{"line":4,"column":66}},"type":"binary-expr","locations":[{"start":{"line":4,"column":11},"end":{"line":4,"column":43}},{"start":{"line":4,"column":47},"end":{"line":4,"column":66}}],"line":4}},"s":{"0":1,"1":3,"2":1},"f":{"0":3},"b":{"0":[3,2]},"_coverageSchema":"1a1c01bbd47fc00a2c39e90264f33305004495a9","hash":"07ffdee52e5c30cc0c280286700f660ec2d66552"}
}
